<?xml version="1.0" encoding="UTF-8"?>
<!-- Generated by org.testng.reporters.JUnitReportReporter -->
<testsuite hostname="DESKTOP-H5PFGLB" failures="0" tests="1" name="mynewpackage.program3" time="0.004" errors="0" timestamp="2025-03-09T14:39:59 EDT" skipped="0">
  <testcase classname="mynewpackage.program3" name="facultylogin" time="0.004"/>
  <system-out/>
</testsuite> <!-- mynewpackage.program3 -->
