<?xml version="1.0" encoding="UTF-8"?>
<!-- Generated by org.testng.reporters.JUnitReportReporter -->
<testsuite hostname="DESKTOP-H5PFGLB" failures="0" tests="2" name="myTestNGPackage.program3" time="0.008" errors="0" timestamp="2025-03-08T13:17:35 EST" skipped="0">
  <testcase classname="myTestNGPackage.program3" name="facultylogout" time="0.005"/>
  <system-out/>
  <testcase classname="myTestNGPackage.program3" name="facultylogin" time="0.003"/>
  <system-out/>
</testsuite> <!-- myTestNGPackage.program3 -->
