<?xml version="1.0" encoding="UTF-8"?>
<!-- Generated by org.testng.reporters.JUnitReportReporter -->
<testsuite hostname="DESKTOP-H5PFGLB" failures="0" tests="2" name="program3" time="0.020" errors="0" timestamp="2025-03-08T06:44:05 EST" skipped="0">
  <testcase classname="program3" name="facultylogout" time="0.002"/>
  <system-out/>
  <testcase classname="program3" name="facultylogin" time="0.018"/>
  <system-out/>
</testsuite> <!-- program3 -->
