<?xml version="1.0" encoding="UTF-8"?>
<!-- Generated by org.testng.reporters.JUnitReportReporter -->
<testsuite hostname="DESKTOP-H5PFGLB" failures="0" tests="2" name="Program" time="0.019" errors="0" timestamp="2025-03-08T06:44:30 EST" skipped="0">
  <testcase classname="Program" name="studentlogout" time="0.003"/>
  <system-out/>
  <testcase classname="Program" name="studentlogin" time="0.016"/>
  <system-out/>
</testsuite> <!-- Program -->
