<?xml version="1.0" encoding="UTF-8"?>
<!-- Generated by org.testng.reporters.JUnitReportReporter -->
<testsuite hostname="DESKTOP-H5PFGLB" failures="0" tests="2" name="myTestNGPackage.Program" time="0.014" errors="0" timestamp="2025-03-15T19:26:28 EDT" skipped="0">
  <testcase classname="myTestNGPackage.Program" name="studentlogout" time="0.011"/>
  <system-out/>
  <testcase classname="myTestNGPackage.Program" name="studentlogin" time="0.003"/>
  <system-out/>
</testsuite> <!-- myTestNGPackage.Program -->
