<?xml version="1.0" encoding="UTF-8"?>
<!-- Generated by org.testng.reporters.JUnitReportReporter -->
<testsuite hostname="DESKTOP-H5PFGLB" failures="0" tests="3" name="myTestNGPackage.program2" time="0.015" errors="0" timestamp="2025-03-15T19:26:28 EDT" skipped="0">
  <testcase classname="myTestNGPackage.program2" name="placement" time="0.005"/>
  <system-out/>
  <testcase classname="myTestNGPackage.program2" name="adminlogout" time="0.004"/>
  <system-out/>
  <testcase classname="myTestNGPackage.program2" name="adminlogin" time="0.006"/>
  <system-out/>
</testsuite> <!-- myTestNGPackage.program2 -->
